{"C:\\Users\\Admin\\OneDrive\\Рабочий стол\\frontend-project-46\\parsers\\parser.js": {"path":"C:\\Users\\Admin\\OneDrive\\Рабочий стол\\frontend-project-46\\parsers\\parser.js","statementMap":{"0":{"start":{"line":6,"column":23},"end":{"line":6,"column":88}},"1":{"start":{"line":6,"column":39},"end":{"line":6,"column":88}},"2":{"start":{"line":7,"column":17},"end":{"line":13,"column":1}},"3":{"start":{"line":8,"column":2},"end":{"line":8,"column":85}},"4":{"start":{"line":8,"column":37},"end":{"line":8,"column":83}},"5":{"start":{"line":9,"column":2},"end":{"line":11,"column":3}},"6":{"start":{"line":10,"column":4},"end":{"line":10,"column":49}},"7":{"start":{"line":12,"column":2},"end":{"line":12,"column":14}}},"fnMap":{"0":{"name":"(anonymous_0)","decl":{"start":{"line":6,"column":23},"end":{"line":6,"column":24}},"loc":{"start":{"line":6,"column":39},"end":{"line":6,"column":88}},"line":6},"1":{"name":"(anonymous_1)","decl":{"start":{"line":7,"column":17},"end":{"line":7,"column":18}},"loc":{"start":{"line":7,"column":33},"end":{"line":13,"column":1}},"line":7}},"branchMap":{"0":{"loc":{"start":{"line":8,"column":2},"end":{"line":8,"column":85}},"type":"if","locations":[{"start":{"line":8,"column":2},"end":{"line":8,"column":85}},{"start":{},"end":{}}],"line":8},"1":{"loc":{"start":{"line":9,"column":2},"end":{"line":11,"column":3}},"type":"if","locations":[{"start":{"line":9,"column":2},"end":{"line":11,"column":3}},{"start":{},"end":{}}],"line":9},"2":{"loc":{"start":{"line":9,"column":6},"end":{"line":9,"column":63}},"type":"binary-expr","locations":[{"start":{"line":9,"column":6},"end":{"line":9,"column":32}},{"start":{"line":9,"column":36},"end":{"line":9,"column":63}}],"line":9}},"s":{"0":1,"1":4,"2":1,"3":4,"4":2,"5":2,"6":2,"7":0},"f":{"0":4,"1":4},"b":{"0":[2,2],"1":[2,0],"2":[2,1]},"_coverageSchema":"1a1c01bbd47fc00a2c39e90264f33305004495a9","hash":"79fa3275600642ec7f94c1ee2d9cf55ac82fe4b7"}
,"C:\\Users\\Admin\\OneDrive\\Рабочий стол\\frontend-project-46\\src\\getDiff.js": {"path":"C:\\Users\\Admin\\OneDrive\\Рабочий стол\\frontend-project-46\\src\\getDiff.js","statementMap":{"0":{"start":{"line":3,"column":16},"end":{"line":21,"column":1}},"1":{"start":{"line":4,"column":16},"end":{"line":4,"column":34}},"2":{"start":{"line":5,"column":16},"end":{"line":5,"column":34}},"3":{"start":{"line":6,"column":13},"end":{"line":6,"column":34}},"4":{"start":{"line":7,"column":2},"end":{"line":7,"column":24}},"5":{"start":{"line":9,"column":17},"end":{"line":18,"column":4}},"6":{"start":{"line":10,"column":4},"end":{"line":15,"column":5}},"7":{"start":{"line":11,"column":6},"end":{"line":13,"column":7}},"8":{"start":{"line":12,"column":8},"end":{"line":12,"column":41}},"9":{"start":{"line":14,"column":6},"end":{"line":14,"column":68}},"10":{"start":{"line":15,"column":6},"end":{"line":17,"column":5}},"11":{"start":{"line":16,"column":6},"end":{"line":16,"column":39}},"12":{"start":{"line":17,"column":6},"end":{"line":17,"column":39}},"13":{"start":{"line":19,"column":14},"end":{"line":19,"column":27}},"14":{"start":{"line":20,"column":2},"end":{"line":20,"column":39}}},"fnMap":{"0":{"name":"(anonymous_0)","decl":{"start":{"line":3,"column":16},"end":{"line":3,"column":17}},"loc":{"start":{"line":3,"column":34},"end":{"line":21,"column":1}},"line":3},"1":{"name":"(anonymous_1)","decl":{"start":{"line":9,"column":26},"end":{"line":9,"column":27}},"loc":{"start":{"line":9,"column":35},"end":{"line":18,"column":3}},"line":9}},"branchMap":{"0":{"loc":{"start":{"line":10,"column":4},"end":{"line":15,"column":5}},"type":"if","locations":[{"start":{"line":10,"column":4},"end":{"line":15,"column":5}},{"start":{},"end":{}}],"line":10},"1":{"loc":{"start":{"line":10,"column":8},"end":{"line":10,"column":46}},"type":"binary-expr","locations":[{"start":{"line":10,"column":8},"end":{"line":10,"column":25}},{"start":{"line":10,"column":29},"end":{"line":10,"column":46}}],"line":10},"2":{"loc":{"start":{"line":11,"column":6},"end":{"line":13,"column":7}},"type":"if","locations":[{"start":{"line":11,"column":6},"end":{"line":13,"column":7}},{"start":{},"end":{}}],"line":11},"3":{"loc":{"start":{"line":15,"column":6},"end":{"line":17,"column":5}},"type":"if","locations":[{"start":{"line":15,"column":6},"end":{"line":17,"column":5}},{"start":{},"end":{}}],"line":15},"4":{"loc":{"start":{"line":15,"column":10},"end":{"line":15,"column":51}},"type":"binary-expr","locations":[{"start":{"line":15,"column":10},"end":{"line":15,"column":27}},{"start":{"line":15,"column":31},"end":{"line":15,"column":51}}],"line":15}},"s":{"0":1,"1":2,"2":2,"3":2,"4":2,"5":2,"6":10,"7":4,"8":2,"9":2,"10":6,"11":4,"12":2,"13":2,"14":2},"f":{"0":2,"1":10},"b":{"0":[4,6],"1":[10,8],"2":[2,2],"3":[4,2],"4":[6,4]},"_coverageSchema":"1a1c01bbd47fc00a2c39e90264f33305004495a9","hash":"3f419156f81195ad95e4fd47ef9e901c10fd3c2f"}
,"C:\\Users\\Admin\\OneDrive\\Рабочий стол\\frontend-project-46\\src\\index.js": {"path":"C:\\Users\\Admin\\OneDrive\\Рабочий стол\\frontend-project-46\\src\\index.js","statementMap":{"0":{"start":{"line":4,"column":16},"end":{"line":4,"column":91}},"1":{"start":{"line":4,"column":42},"end":{"line":4,"column":91}}},"fnMap":{"0":{"name":"(anonymous_0)","decl":{"start":{"line":4,"column":16},"end":{"line":4,"column":17}},"loc":{"start":{"line":4,"column":42},"end":{"line":4,"column":91}},"line":4}},"branchMap":{},"s":{"0":1,"1":2},"f":{"0":2},"b":{},"_coverageSchema":"1a1c01bbd47fc00a2c39e90264f33305004495a9","hash":"841e062d7a496815d7da5e1bd045de223e56e814"}
}
