TN:
SF:parsers\parser.js
FN:6,(anonymous_0)
FN:7,(anonymous_1)
FNF:2
FNH:2
FNDA:4,(anonymous_0)
FNDA:4,(anonymous_1)
DA:6,4
DA:7,1
DA:8,4
DA:9,2
DA:10,2
DA:12,0
LF:6
LH:5
BRDA:8,0,0,2
BRDA:8,0,1,2
BRDA:9,1,0,2
BRDA:9,1,1,0
BRDA:9,2,0,2
BRDA:9,2,1,1
BRF:6
BRH:5
end_of_record
TN:
SF:src\getDiff.js
FN:3,(anonymous_0)
FN:9,(anonymous_1)
FNF:2
FNH:2
FNDA:2,(anonymous_0)
FNDA:10,(anonymous_1)
DA:3,1
DA:4,2
DA:5,2
DA:6,2
DA:7,2
DA:9,2
DA:10,10
DA:11,4
DA:12,2
DA:14,2
DA:15,6
DA:16,4
DA:17,2
DA:19,2
DA:20,2
LF:15
LH:15
BRDA:10,0,0,4
BRDA:10,0,1,6
BRDA:10,1,0,10
BRDA:10,1,1,8
BRDA:11,2,0,2
BRDA:11,2,1,2
BRDA:15,3,0,4
BRDA:15,3,1,2
BRDA:15,4,0,6
BRDA:15,4,1,4
BRF:10
BRH:10
end_of_record
TN:
SF:src\index.js
FN:4,(anonymous_0)
FNF:1
FNH:1
FNDA:2,(anonymous_0)
DA:4,2
LF:1
LH:1
BRF:0
BRH:0
end_of_record
