TN:
SF:src\getDiff.js
FN:3,(anonymous_0)
FN:9,(anonymous_1)
FNF:2
FNH:2
FNDA:1,(anonymous_0)
FNDA:5,(anonymous_1)
DA:3,1
DA:4,1
DA:5,1
DA:6,1
DA:7,1
DA:9,1
DA:10,5
DA:11,2
DA:12,1
DA:14,1
DA:15,3
DA:16,2
DA:17,1
DA:19,1
DA:20,1
LF:15
LH:15
BRDA:10,0,0,2
BRDA:10,0,1,3
BRDA:10,1,0,5
BRDA:10,1,1,4
BRDA:11,2,0,1
BRDA:11,2,1,1
BRDA:15,3,0,2
BRDA:15,3,1,1
BRDA:15,4,0,3
BRDA:15,4,1,2
BRF:10
BRH:10
end_of_record
TN:
SF:src\index.js
FN:4,(anonymous_0)
FNF:1
FNH:1
FNDA:1,(anonymous_0)
DA:4,1
LF:1
LH:1
BRF:0
BRH:0
end_of_record
TN:
SF:src\parser.js
FN:5,(anonymous_0)
FN:6,(anonymous_1)
FNF:2
FNH:2
FNDA:2,(anonymous_0)
FNDA:2,(anonymous_1)
DA:5,2
DA:6,2
LF:2
LH:2
BRF:0
BRH:0
end_of_record
